<?xml version="1.0" encoding="UTF-8"?>
<testsuite name="EntryTest" tests="10" skipped="0" failures="0" errors="0" timestamp="2017-07-12T00:10:22" hostname="epicodus-122.local" time="0.211">
  <properties/>
  <testcase name="save_returnsTrueIfNamesAreSame" classname="EntryTest" time="0.116"/>
  <testcase name="getAddress_instantiatesWithAddress_Seattle" classname="EntryTest" time="0.005"/>
  <testcase name="getName_instantiatesWithName_Betty" classname="EntryTest" time="0.004"/>
  <testcase name="getId_entriesInstantiatesWithAnID" classname="EntryTest" time="0.01"/>
  <testcase name="getPhoneNumber_instantiateWithPhoneNumber_546" classname="EntryTest" time="0.005"/>
  <testcase name="all_returnsAllInstancesOfEntry_true" classname="EntryTest" time="0.026"/>
  <testcase name="save_assignsIdToObject" classname="EntryTest" time="0.014"/>
  <testcase name="equals_returnsTrueIfNamesAreSame" classname="EntryTest" time="0.004"/>
  <testcase name="Entry_instantiatesValuesCorrectly_true" classname="EntryTest" time="0.004"/>
  <testcase name="find_returnsEntryWithSameId_secondEntry" classname="EntryTest" time="0.019"/>
  <system-out><![CDATA[]]></system-out>
  <system-err><![CDATA[]]></system-err>
</testsuite>
